<?xml version="1.0" encoding="UTF-8"?>
<testsuites name="Mocha Tests" time="0.771" tests="2" failures="0">
  <testsuite name="Root Suite" timestamp="2024-02-03T00:42:04" tests="0" file="cypress/e2e/network/deleteRequests.cy.js" time="0.000" failures="0">
  </testsuite>
  <testsuite name="Requests: DELETE" timestamp="2024-02-03T00:42:04" tests="2" time="0.768" failures="0">
    <testcase name="Requests: DELETE should successfully complete deleting a player" time="0.438" classname="should successfully complete deleting a player">
    </testcase>
    <testcase name="Requests: DELETE should not delete a player if DELETE-request fails" time="0.288" classname="should not delete a player if DELETE-request fails">
    </testcase>
  </testsuite>
</testsuites>