<?xml version="1.0" encoding="UTF-8"?>
<testsuites name="Mocha Tests" time="4.539" tests="2" failures="0">
  <testsuite name="Root Suite" timestamp="2024-02-03T18:53:18" tests="0" file="cypress/e2e/network/putRequest.cy.js" time="0.000" failures="0">
  </testsuite>
  <testsuite name="Requests: PUT" timestamp="2024-02-03T18:53:18" tests="2" time="4.516" failures="0">
    <testcase name="Requests: PUT should be able to update a players active-state correctly in the frontend and the backend. " time="3.004" classname="should be able to update a players active-state correctly in the frontend and the backend. ">
    </testcase>
    <testcase name="Requests: PUT should not update player if put request fails." time="1.449" classname="should not update player if put request fails.">
    </testcase>
  </testsuite>
</testsuites>